[0.145s] DEBUG:colcon:Command line arguments: ['/usr/bin/colcon', 'build']
[0.145s] DEBUG:colcon:Parsed command line arguments: Namespace(log_base=None, log_level=None, verb_name='build', build_base='build', install_base='install', merge_install=False, symlink_install=False, test_result_base=None, continue_on_error=False, executor='parallel', parallel_workers=12, event_handlers=None, ignore_user_meta=False, metas=['./colcon.meta'], base_paths=['.'], packages_ignore=None, packages_ignore_regex=None, paths=None, packages_up_to=None, packages_up_to_regex=None, packages_above=None, packages_above_and_dependencies=None, packages_above_depth=None, packages_select_by_dep=None, packages_skip_by_dep=None, packages_skip_up_to=None, packages_select_build_failed=False, packages_skip_build_finished=False, packages_select_test_failures=False, packages_skip_test_passed=False, packages_select=None, packages_skip=None, packages_select_regex=None, packages_skip_regex=None, packages_start=None, packages_end=None, allow_overriding=[], cmake_args=None, cmake_target=None, cmake_target_skip_unavailable=False, cmake_clean_cache=False, cmake_clean_first=False, cmake_force_configure=False, ament_cmake_args=None, catkin_cmake_args=None, catkin_skip_building_tests=False, mixin_files=None, mixin=None, verb_parser=<colcon_mixin.mixin.mixin_argument.MixinArgumentDecorator object at 0x7451cd942620>, verb_extension=<colcon_core.verb.build.BuildVerb object at 0x7451cdaf4490>, main=<bound method BuildVerb.main of <colcon_core.verb.build.BuildVerb object at 0x7451cdaf4490>>, mixin_verb=('build',))
[0.295s] Level 1:colcon.colcon_core.package_discovery:discover_packages(colcon_meta) check parameters
[0.295s] Level 1:colcon.colcon_core.package_discovery:discover_packages(recursive) check parameters
[0.295s] Level 1:colcon.colcon_core.package_discovery:discover_packages(ignore) check parameters
[0.295s] Level 1:colcon.colcon_core.package_discovery:discover_packages(path) check parameters
[0.295s] Level 1:colcon.colcon_core.package_discovery:discover_packages(colcon_meta) discover
[0.295s] Level 1:colcon.colcon_core.package_discovery:discover_packages(recursive) discover
[0.295s] INFO:colcon.colcon_core.package_discovery:Crawling recursively for packages in '/home/robot/mybot/mybot_ws'
[0.295s] Level 1:colcon.colcon_core.package_identification:_identify(.) by extensions ['ignore', 'ignore_ament_install']
[0.295s] Level 1:colcon.colcon_core.package_identification:_identify(.) by extension 'ignore'
[0.295s] Level 1:colcon.colcon_core.package_identification:_identify(.) by extension 'ignore_ament_install'
[0.295s] Level 1:colcon.colcon_core.package_identification:_identify(.) by extensions ['colcon_pkg']
[0.295s] Level 1:colcon.colcon_core.package_identification:_identify(.) by extension 'colcon_pkg'
[0.295s] Level 1:colcon.colcon_core.package_identification:_identify(.) by extensions ['colcon_meta']
[0.295s] Level 1:colcon.colcon_core.package_identification:_identify(.) by extension 'colcon_meta'
[0.295s] Level 1:colcon.colcon_core.package_identification:_identify(.) by extensions ['ros']
[0.295s] Level 1:colcon.colcon_core.package_identification:_identify(.) by extension 'ros'
[0.304s] Level 1:colcon.colcon_core.package_identification:_identify(.) by extensions ['cmake', 'python']
[0.304s] Level 1:colcon.colcon_core.package_identification:_identify(.) by extension 'cmake'
[0.304s] Level 1:colcon.colcon_core.package_identification:_identify(.) by extension 'python'
[0.304s] Level 1:colcon.colcon_core.package_identification:_identify(.) by extensions ['python_setup_py']
[0.304s] Level 1:colcon.colcon_core.package_identification:_identify(.) by extension 'python_setup_py'
[0.304s] Level 1:colcon.colcon_core.package_identification:_identify(build) by extensions ['ignore', 'ignore_ament_install']
[0.305s] Level 1:colcon.colcon_core.package_identification:_identify(build) by extension 'ignore'
[0.305s] Level 1:colcon.colcon_core.package_identification:_identify(build) ignored
[0.305s] Level 1:colcon.colcon_core.package_identification:_identify(install) by extensions ['ignore', 'ignore_ament_install']
[0.305s] Level 1:colcon.colcon_core.package_identification:_identify(install) by extension 'ignore'
[0.305s] Level 1:colcon.colcon_core.package_identification:_identify(install) ignored
[0.305s] Level 1:colcon.colcon_core.package_identification:_identify(log) by extensions ['ignore', 'ignore_ament_install']
[0.305s] Level 1:colcon.colcon_core.package_identification:_identify(log) by extension 'ignore'
[0.305s] Level 1:colcon.colcon_core.package_identification:_identify(log) ignored
[0.305s] Level 1:colcon.colcon_core.package_identification:_identify(src) by extensions ['ignore', 'ignore_ament_install']
[0.305s] Level 1:colcon.colcon_core.package_identification:_identify(src) by extension 'ignore'
[0.305s] Level 1:colcon.colcon_core.package_identification:_identify(src) by extension 'ignore_ament_install'
[0.305s] Level 1:colcon.colcon_core.package_identification:_identify(src) by extensions ['colcon_pkg']
[0.305s] Level 1:colcon.colcon_core.package_identification:_identify(src) by extension 'colcon_pkg'
[0.305s] Level 1:colcon.colcon_core.package_identification:_identify(src) by extensions ['colcon_meta']
[0.305s] Level 1:colcon.colcon_core.package_identification:_identify(src) by extension 'colcon_meta'
[0.305s] Level 1:colcon.colcon_core.package_identification:_identify(src) by extensions ['ros']
[0.305s] Level 1:colcon.colcon_core.package_identification:_identify(src) by extension 'ros'
[0.305s] Level 1:colcon.colcon_core.package_identification:_identify(src) by extensions ['cmake', 'python']
[0.305s] Level 1:colcon.colcon_core.package_identification:_identify(src) by extension 'cmake'
[0.306s] Level 1:colcon.colcon_core.package_identification:_identify(src) by extension 'python'
[0.306s] Level 1:colcon.colcon_core.package_identification:_identify(src) by extensions ['python_setup_py']
[0.306s] Level 1:colcon.colcon_core.package_identification:_identify(src) by extension 'python_setup_py'
[0.306s] Level 1:colcon.colcon_core.package_identification:_identify(src/mybot_description) by extensions ['ignore', 'ignore_ament_install']
[0.306s] Level 1:colcon.colcon_core.package_identification:_identify(src/mybot_description) by extension 'ignore'
[0.306s] Level 1:colcon.colcon_core.package_identification:_identify(src/mybot_description) by extension 'ignore_ament_install'
[0.306s] Level 1:colcon.colcon_core.package_identification:_identify(src/mybot_description) by extensions ['colcon_pkg']
[0.306s] Level 1:colcon.colcon_core.package_identification:_identify(src/mybot_description) by extension 'colcon_pkg'
[0.306s] Level 1:colcon.colcon_core.package_identification:_identify(src/mybot_description) by extensions ['colcon_meta']
[0.306s] Level 1:colcon.colcon_core.package_identification:_identify(src/mybot_description) by extension 'colcon_meta'
[0.306s] Level 1:colcon.colcon_core.package_identification:_identify(src/mybot_description) by extensions ['ros']
[0.306s] Level 1:colcon.colcon_core.package_identification:_identify(src/mybot_description) by extension 'ros'
[0.308s] DEBUG:colcon.colcon_core.package_identification:Package 'src/mybot_description' with type 'ros.ament_cmake' and name 'mybot_description'
[0.308s] Level 1:colcon.colcon_core.package_identification:_identify(src/mybot_moveit_config) by extensions ['ignore', 'ignore_ament_install']
[0.308s] Level 1:colcon.colcon_core.package_identification:_identify(src/mybot_moveit_config) by extension 'ignore'
[0.308s] Level 1:colcon.colcon_core.package_identification:_identify(src/mybot_moveit_config) by extension 'ignore_ament_install'
[0.308s] Level 1:colcon.colcon_core.package_identification:_identify(src/mybot_moveit_config) by extensions ['colcon_pkg']
[0.308s] Level 1:colcon.colcon_core.package_identification:_identify(src/mybot_moveit_config) by extension 'colcon_pkg'
[0.308s] Level 1:colcon.colcon_core.package_identification:_identify(src/mybot_moveit_config) by extensions ['colcon_meta']
[0.308s] Level 1:colcon.colcon_core.package_identification:_identify(src/mybot_moveit_config) by extension 'colcon_meta'
[0.308s] Level 1:colcon.colcon_core.package_identification:_identify(src/mybot_moveit_config) by extensions ['ros']
[0.308s] Level 1:colcon.colcon_core.package_identification:_identify(src/mybot_moveit_config) by extension 'ros'
[0.309s] DEBUG:colcon.colcon_core.package_identification:Package 'src/mybot_moveit_config' with type 'ros.ament_cmake' and name 'mybot_moveit_config'
[0.309s] Level 1:colcon.colcon_core.package_discovery:discover_packages(recursive) using defaults
[0.309s] Level 1:colcon.colcon_core.package_discovery:discover_packages(ignore) discover
[0.309s] Level 1:colcon.colcon_core.package_discovery:discover_packages(ignore) using defaults
[0.309s] Level 1:colcon.colcon_core.package_discovery:discover_packages(path) discover
[0.309s] Level 1:colcon.colcon_core.package_discovery:discover_packages(path) using defaults
[0.333s] Level 1:colcon.colcon_core.package_discovery:discover_packages(prefix_path) check parameters
[0.333s] Level 1:colcon.colcon_core.package_discovery:discover_packages(prefix_path) discover
[0.334s] DEBUG:colcon.colcon_installed_package_information.package_discovery:Found 1 installed packages in /home/robot/mybot/mybot_ws/install
[0.336s] DEBUG:colcon.colcon_installed_package_information.package_discovery:Found 393 installed packages in /opt/ros/humble
[0.337s] Level 1:colcon.colcon_core.package_discovery:discover_packages(prefix_path) using defaults
[0.381s] Level 5:colcon.colcon_core.verb:set package 'mybot_description' build argument 'cmake_args' from command line to 'None'
[0.381s] Level 5:colcon.colcon_core.verb:set package 'mybot_description' build argument 'cmake_target' from command line to 'None'
[0.381s] Level 5:colcon.colcon_core.verb:set package 'mybot_description' build argument 'cmake_target_skip_unavailable' from command line to 'False'
[0.381s] Level 5:colcon.colcon_core.verb:set package 'mybot_description' build argument 'cmake_clean_cache' from command line to 'False'
[0.381s] Level 5:colcon.colcon_core.verb:set package 'mybot_description' build argument 'cmake_clean_first' from command line to 'False'
[0.381s] Level 5:colcon.colcon_core.verb:set package 'mybot_description' build argument 'cmake_force_configure' from command line to 'False'
[0.381s] Level 5:colcon.colcon_core.verb:set package 'mybot_description' build argument 'ament_cmake_args' from command line to 'None'
[0.381s] Level 5:colcon.colcon_core.verb:set package 'mybot_description' build argument 'catkin_cmake_args' from command line to 'None'
[0.381s] Level 5:colcon.colcon_core.verb:set package 'mybot_description' build argument 'catkin_skip_building_tests' from command line to 'False'
[0.381s] DEBUG:colcon.colcon_core.verb:Building package 'mybot_description' with the following arguments: {'ament_cmake_args': None, 'build_base': '/home/robot/mybot/mybot_ws/build/mybot_description', 'catkin_cmake_args': None, 'catkin_skip_building_tests': False, 'cmake_args': None, 'cmake_clean_cache': False, 'cmake_clean_first': False, 'cmake_force_configure': False, 'cmake_target': None, 'cmake_target_skip_unavailable': False, 'install_base': '/home/robot/mybot/mybot_ws/install/mybot_description', 'merge_install': False, 'path': '/home/robot/mybot/mybot_ws/src/mybot_description', 'symlink_install': False, 'test_result_base': None}
[0.381s] Level 5:colcon.colcon_core.verb:set package 'mybot_moveit_config' build argument 'cmake_args' from command line to 'None'
[0.381s] Level 5:colcon.colcon_core.verb:set package 'mybot_moveit_config' build argument 'cmake_target' from command line to 'None'
[0.381s] Level 5:colcon.colcon_core.verb:set package 'mybot_moveit_config' build argument 'cmake_target_skip_unavailable' from command line to 'False'
[0.381s] Level 5:colcon.colcon_core.verb:set package 'mybot_moveit_config' build argument 'cmake_clean_cache' from command line to 'False'
[0.381s] Level 5:colcon.colcon_core.verb:set package 'mybot_moveit_config' build argument 'cmake_clean_first' from command line to 'False'
[0.381s] Level 5:colcon.colcon_core.verb:set package 'mybot_moveit_config' build argument 'cmake_force_configure' from command line to 'False'
[0.381s] Level 5:colcon.colcon_core.verb:set package 'mybot_moveit_config' build argument 'ament_cmake_args' from command line to 'None'
[0.381s] Level 5:colcon.colcon_core.verb:set package 'mybot_moveit_config' build argument 'catkin_cmake_args' from command line to 'None'
[0.381s] Level 5:colcon.colcon_core.verb:set package 'mybot_moveit_config' build argument 'catkin_skip_building_tests' from command line to 'False'
[0.381s] DEBUG:colcon.colcon_core.verb:Building package 'mybot_moveit_config' with the following arguments: {'ament_cmake_args': None, 'build_base': '/home/robot/mybot/mybot_ws/build/mybot_moveit_config', 'catkin_cmake_args': None, 'catkin_skip_building_tests': False, 'cmake_args': None, 'cmake_clean_cache': False, 'cmake_clean_first': False, 'cmake_force_configure': False, 'cmake_target': None, 'cmake_target_skip_unavailable': False, 'install_base': '/home/robot/mybot/mybot_ws/install/mybot_moveit_config', 'merge_install': False, 'path': '/home/robot/mybot/mybot_ws/src/mybot_moveit_config', 'symlink_install': False, 'test_result_base': None}
[0.382s] INFO:colcon.colcon_core.executor:Executing jobs using 'parallel' executor
[0.382s] DEBUG:colcon.colcon_parallel_executor.executor.parallel:run_until_complete
[0.382s] INFO:colcon.colcon_ros.task.ament_cmake.build:Building ROS package in '/home/robot/mybot/mybot_ws/src/mybot_description' with build type 'ament_cmake'
[0.382s] INFO:colcon.colcon_cmake.task.cmake.build:Building CMake package in '/home/robot/mybot/mybot_ws/src/mybot_description'
[0.384s] INFO:colcon.colcon_core.plugin_system:Skipping extension 'colcon_core.shell.bat': Not used on non-Windows systems
[0.384s] INFO:colcon.colcon_core.shell:Skip shell extension 'powershell' for command environment: Not usable outside of PowerShell
[0.385s] DEBUG:colcon.colcon_core.shell:Skip shell extension 'dsv' for command environment
[0.393s] DEBUG:colcon.colcon_core.event_handler.log_command:Invoking command in '/home/robot/mybot/mybot_ws/build/mybot_description': CMAKE_PREFIX_PATH=${CMAKE_PREFIX_PATH}:/opt/ros/humble /usr/bin/cmake --build /home/robot/mybot/mybot_ws/build/mybot_description -- -j12 -l12
[0.425s] DEBUG:colcon.colcon_core.event_handler.log_command:Invoked command in '/home/robot/mybot/mybot_ws/build/mybot_description' returned '0': CMAKE_PREFIX_PATH=${CMAKE_PREFIX_PATH}:/opt/ros/humble /usr/bin/cmake --build /home/robot/mybot/mybot_ws/build/mybot_description -- -j12 -l12
[0.433s] DEBUG:colcon.colcon_core.event_handler.log_command:Invoking command in '/home/robot/mybot/mybot_ws/build/mybot_description': CMAKE_PREFIX_PATH=${CMAKE_PREFIX_PATH}:/opt/ros/humble /usr/bin/cmake --install /home/robot/mybot/mybot_ws/build/mybot_description
[0.443s] Level 1:colcon.colcon_core.environment:create_environment_scripts_only(mybot_description)
[0.444s] DEBUG:colcon.colcon_core.event_handler.log_command:Invoked command in '/home/robot/mybot/mybot_ws/build/mybot_description' returned '0': CMAKE_PREFIX_PATH=${CMAKE_PREFIX_PATH}:/opt/ros/humble /usr/bin/cmake --install /home/robot/mybot/mybot_ws/build/mybot_description
[0.445s] Level 1:colcon.colcon_core.environment:checking '/home/robot/mybot/mybot_ws/install/mybot_description' for CMake module files
[0.446s] Level 1:colcon.colcon_core.environment:checking '/home/robot/mybot/mybot_ws/install/mybot_description' for CMake config files
[0.446s] Level 1:colcon.colcon_core.shell:create_environment_hook('mybot_description', 'cmake_prefix_path')
[0.446s] INFO:colcon.colcon_core.shell:Creating environment hook '/home/robot/mybot/mybot_ws/install/mybot_description/share/mybot_description/hook/cmake_prefix_path.ps1'
[0.447s] INFO:colcon.colcon_core.shell:Creating environment descriptor '/home/robot/mybot/mybot_ws/install/mybot_description/share/mybot_description/hook/cmake_prefix_path.dsv'
[0.447s] INFO:colcon.colcon_core.shell:Creating environment hook '/home/robot/mybot/mybot_ws/install/mybot_description/share/mybot_description/hook/cmake_prefix_path.sh'
[0.448s] Level 1:colcon.colcon_core.environment:checking '/home/robot/mybot/mybot_ws/install/mybot_description/bin'
[0.448s] Level 1:colcon.colcon_core.environment:checking '/home/robot/mybot/mybot_ws/install/mybot_description/lib/pkgconfig/mybot_description.pc'
[0.448s] Level 1:colcon.colcon_core.environment:checking '/home/robot/mybot/mybot_ws/install/mybot_description/lib/python3.10/site-packages'
[0.448s] Level 1:colcon.colcon_core.environment:checking '/home/robot/mybot/mybot_ws/install/mybot_description/bin'
[0.448s] INFO:colcon.colcon_core.shell:Creating package script '/home/robot/mybot/mybot_ws/install/mybot_description/share/mybot_description/package.ps1'
[0.449s] INFO:colcon.colcon_core.shell:Creating package descriptor '/home/robot/mybot/mybot_ws/install/mybot_description/share/mybot_description/package.dsv'
[0.449s] INFO:colcon.colcon_core.shell:Creating package script '/home/robot/mybot/mybot_ws/install/mybot_description/share/mybot_description/package.sh'
[0.450s] INFO:colcon.colcon_core.shell:Creating package script '/home/robot/mybot/mybot_ws/install/mybot_description/share/mybot_description/package.bash'
[0.451s] INFO:colcon.colcon_core.shell:Creating package script '/home/robot/mybot/mybot_ws/install/mybot_description/share/mybot_description/package.zsh'
[0.451s] Level 1:colcon.colcon_core.environment:create_file_with_runtime_dependencies(/home/robot/mybot/mybot_ws/install/mybot_description/share/colcon-core/packages/mybot_description)
[0.452s] Level 1:colcon.colcon_core.environment:create_environment_scripts_only(mybot_description)
[0.452s] Level 1:colcon.colcon_core.environment:checking '/home/robot/mybot/mybot_ws/install/mybot_description' for CMake module files
[0.452s] Level 1:colcon.colcon_core.environment:checking '/home/robot/mybot/mybot_ws/install/mybot_description' for CMake config files
[0.452s] Level 1:colcon.colcon_core.shell:create_environment_hook('mybot_description', 'cmake_prefix_path')
[0.453s] INFO:colcon.colcon_core.shell:Creating environment hook '/home/robot/mybot/mybot_ws/install/mybot_description/share/mybot_description/hook/cmake_prefix_path.ps1'
[0.453s] INFO:colcon.colcon_core.shell:Creating environment descriptor '/home/robot/mybot/mybot_ws/install/mybot_description/share/mybot_description/hook/cmake_prefix_path.dsv'
[0.453s] INFO:colcon.colcon_core.shell:Creating environment hook '/home/robot/mybot/mybot_ws/install/mybot_description/share/mybot_description/hook/cmake_prefix_path.sh'
[0.454s] Level 1:colcon.colcon_core.environment:checking '/home/robot/mybot/mybot_ws/install/mybot_description/bin'
[0.454s] Level 1:colcon.colcon_core.environment:checking '/home/robot/mybot/mybot_ws/install/mybot_description/lib/pkgconfig/mybot_description.pc'
[0.454s] Level 1:colcon.colcon_core.environment:checking '/home/robot/mybot/mybot_ws/install/mybot_description/lib/python3.10/site-packages'
[0.454s] Level 1:colcon.colcon_core.environment:checking '/home/robot/mybot/mybot_ws/install/mybot_description/bin'
[0.454s] INFO:colcon.colcon_core.shell:Creating package script '/home/robot/mybot/mybot_ws/install/mybot_description/share/mybot_description/package.ps1'
[0.455s] INFO:colcon.colcon_core.shell:Creating package descriptor '/home/robot/mybot/mybot_ws/install/mybot_description/share/mybot_description/package.dsv'
[0.455s] INFO:colcon.colcon_core.shell:Creating package script '/home/robot/mybot/mybot_ws/install/mybot_description/share/mybot_description/package.sh'
[0.455s] INFO:colcon.colcon_core.shell:Creating package script '/home/robot/mybot/mybot_ws/install/mybot_description/share/mybot_description/package.bash'
[0.456s] INFO:colcon.colcon_core.shell:Creating package script '/home/robot/mybot/mybot_ws/install/mybot_description/share/mybot_description/package.zsh'
[0.456s] Level 1:colcon.colcon_core.environment:create_file_with_runtime_dependencies(/home/robot/mybot/mybot_ws/install/mybot_description/share/colcon-core/packages/mybot_description)
[0.456s] INFO:colcon.colcon_ros.task.ament_cmake.build:Building ROS package in '/home/robot/mybot/mybot_ws/src/mybot_moveit_config' with build type 'ament_cmake'
[0.456s] INFO:colcon.colcon_cmake.task.cmake.build:Building CMake package in '/home/robot/mybot/mybot_ws/src/mybot_moveit_config'
[0.457s] INFO:colcon.colcon_core.shell:Skip shell extension 'powershell' for command environment: Not usable outside of PowerShell
[0.457s] DEBUG:colcon.colcon_core.shell:Skip shell extension 'dsv' for command environment
[0.464s] DEBUG:colcon.colcon_core.event_handler.log_command:Invoking command in '/home/robot/mybot/mybot_ws/build/mybot_moveit_config': CMAKE_PREFIX_PATH=${CMAKE_PREFIX_PATH}:/opt/ros/humble /usr/bin/cmake /home/robot/mybot/mybot_ws/src/mybot_moveit_config -DCMAKE_INSTALL_PREFIX=/home/robot/mybot/mybot_ws/install/mybot_moveit_config
[0.987s] DEBUG:colcon.colcon_core.event_handler.log_command:Invoked command in '/home/robot/mybot/mybot_ws/build/mybot_moveit_config' returned '0': CMAKE_PREFIX_PATH=${CMAKE_PREFIX_PATH}:/opt/ros/humble /usr/bin/cmake /home/robot/mybot/mybot_ws/src/mybot_moveit_config -DCMAKE_INSTALL_PREFIX=/home/robot/mybot/mybot_ws/install/mybot_moveit_config
[0.988s] DEBUG:colcon.colcon_core.event_handler.log_command:Invoking command in '/home/robot/mybot/mybot_ws/build/mybot_moveit_config': CMAKE_PREFIX_PATH=${CMAKE_PREFIX_PATH}:/opt/ros/humble /usr/bin/cmake --build /home/robot/mybot/mybot_ws/build/mybot_moveit_config -- -j12 -l12
[1.019s] DEBUG:colcon.colcon_core.event_handler.log_command:Invoked command in '/home/robot/mybot/mybot_ws/build/mybot_moveit_config' returned '0': CMAKE_PREFIX_PATH=${CMAKE_PREFIX_PATH}:/opt/ros/humble /usr/bin/cmake --build /home/robot/mybot/mybot_ws/build/mybot_moveit_config -- -j12 -l12
[1.020s] DEBUG:colcon.colcon_core.event_handler.log_command:Invoking command in '/home/robot/mybot/mybot_ws/build/mybot_moveit_config': CMAKE_PREFIX_PATH=${CMAKE_PREFIX_PATH}:/opt/ros/humble /usr/bin/cmake --install /home/robot/mybot/mybot_ws/build/mybot_moveit_config
[1.033s] Level 1:colcon.colcon_core.environment:create_environment_scripts_only(mybot_moveit_config)
[1.033s] DEBUG:colcon.colcon_core.event_handler.log_command:Invoked command in '/home/robot/mybot/mybot_ws/build/mybot_moveit_config' returned '0': CMAKE_PREFIX_PATH=${CMAKE_PREFIX_PATH}:/opt/ros/humble /usr/bin/cmake --install /home/robot/mybot/mybot_ws/build/mybot_moveit_config
[1.034s] Level 1:colcon.colcon_core.environment:checking '/home/robot/mybot/mybot_ws/install/mybot_moveit_config' for CMake module files
[1.034s] Level 1:colcon.colcon_core.environment:checking '/home/robot/mybot/mybot_ws/install/mybot_moveit_config' for CMake config files
[1.035s] Level 1:colcon.colcon_core.shell:create_environment_hook('mybot_moveit_config', 'cmake_prefix_path')
[1.035s] INFO:colcon.colcon_core.shell:Creating environment hook '/home/robot/mybot/mybot_ws/install/mybot_moveit_config/share/mybot_moveit_config/hook/cmake_prefix_path.ps1'
[1.035s] INFO:colcon.colcon_core.shell:Creating environment descriptor '/home/robot/mybot/mybot_ws/install/mybot_moveit_config/share/mybot_moveit_config/hook/cmake_prefix_path.dsv'
[1.035s] INFO:colcon.colcon_core.shell:Creating environment hook '/home/robot/mybot/mybot_ws/install/mybot_moveit_config/share/mybot_moveit_config/hook/cmake_prefix_path.sh'
[1.036s] Level 1:colcon.colcon_core.environment:checking '/home/robot/mybot/mybot_ws/install/mybot_moveit_config/bin'
[1.036s] Level 1:colcon.colcon_core.environment:checking '/home/robot/mybot/mybot_ws/install/mybot_moveit_config/lib/pkgconfig/mybot_moveit_config.pc'
[1.036s] Level 1:colcon.colcon_core.environment:checking '/home/robot/mybot/mybot_ws/install/mybot_moveit_config/lib/python3.10/site-packages'
[1.036s] Level 1:colcon.colcon_core.environment:checking '/home/robot/mybot/mybot_ws/install/mybot_moveit_config/bin'
[1.037s] INFO:colcon.colcon_core.shell:Creating package script '/home/robot/mybot/mybot_ws/install/mybot_moveit_config/share/mybot_moveit_config/package.ps1'
[1.037s] INFO:colcon.colcon_core.shell:Creating package descriptor '/home/robot/mybot/mybot_ws/install/mybot_moveit_config/share/mybot_moveit_config/package.dsv'
[1.038s] INFO:colcon.colcon_core.shell:Creating package script '/home/robot/mybot/mybot_ws/install/mybot_moveit_config/share/mybot_moveit_config/package.sh'
[1.038s] INFO:colcon.colcon_core.shell:Creating package script '/home/robot/mybot/mybot_ws/install/mybot_moveit_config/share/mybot_moveit_config/package.bash'
[1.038s] INFO:colcon.colcon_core.shell:Creating package script '/home/robot/mybot/mybot_ws/install/mybot_moveit_config/share/mybot_moveit_config/package.zsh'
[1.039s] Level 1:colcon.colcon_core.environment:create_file_with_runtime_dependencies(/home/robot/mybot/mybot_ws/install/mybot_moveit_config/share/colcon-core/packages/mybot_moveit_config)
[1.039s] Level 1:colcon.colcon_core.environment:create_environment_scripts_only(mybot_moveit_config)
[1.039s] Level 1:colcon.colcon_core.environment:checking '/home/robot/mybot/mybot_ws/install/mybot_moveit_config' for CMake module files
[1.040s] Level 1:colcon.colcon_core.environment:checking '/home/robot/mybot/mybot_ws/install/mybot_moveit_config' for CMake config files
[1.040s] Level 1:colcon.colcon_core.shell:create_environment_hook('mybot_moveit_config', 'cmake_prefix_path')
[1.040s] INFO:colcon.colcon_core.shell:Creating environment hook '/home/robot/mybot/mybot_ws/install/mybot_moveit_config/share/mybot_moveit_config/hook/cmake_prefix_path.ps1'
[1.040s] INFO:colcon.colcon_core.shell:Creating environment descriptor '/home/robot/mybot/mybot_ws/install/mybot_moveit_config/share/mybot_moveit_config/hook/cmake_prefix_path.dsv'
[1.041s] INFO:colcon.colcon_core.shell:Creating environment hook '/home/robot/mybot/mybot_ws/install/mybot_moveit_config/share/mybot_moveit_config/hook/cmake_prefix_path.sh'
[1.041s] Level 1:colcon.colcon_core.environment:checking '/home/robot/mybot/mybot_ws/install/mybot_moveit_config/bin'
[1.041s] Level 1:colcon.colcon_core.environment:checking '/home/robot/mybot/mybot_ws/install/mybot_moveit_config/lib/pkgconfig/mybot_moveit_config.pc'
[1.041s] Level 1:colcon.colcon_core.environment:checking '/home/robot/mybot/mybot_ws/install/mybot_moveit_config/lib/python3.10/site-packages'
[1.042s] Level 1:colcon.colcon_core.environment:checking '/home/robot/mybot/mybot_ws/install/mybot_moveit_config/bin'
[1.042s] INFO:colcon.colcon_core.shell:Creating package script '/home/robot/mybot/mybot_ws/install/mybot_moveit_config/share/mybot_moveit_config/package.ps1'
[1.042s] INFO:colcon.colcon_core.shell:Creating package descriptor '/home/robot/mybot/mybot_ws/install/mybot_moveit_config/share/mybot_moveit_config/package.dsv'
[1.043s] INFO:colcon.colcon_core.shell:Creating package script '/home/robot/mybot/mybot_ws/install/mybot_moveit_config/share/mybot_moveit_config/package.sh'
[1.043s] INFO:colcon.colcon_core.shell:Creating package script '/home/robot/mybot/mybot_ws/install/mybot_moveit_config/share/mybot_moveit_config/package.bash'
[1.044s] INFO:colcon.colcon_core.shell:Creating package script '/home/robot/mybot/mybot_ws/install/mybot_moveit_config/share/mybot_moveit_config/package.zsh'
[1.044s] Level 1:colcon.colcon_core.environment:create_file_with_runtime_dependencies(/home/robot/mybot/mybot_ws/install/mybot_moveit_config/share/colcon-core/packages/mybot_moveit_config)
[1.044s] DEBUG:colcon.colcon_parallel_executor.executor.parallel:closing loop
[1.044s] DEBUG:colcon.colcon_parallel_executor.executor.parallel:loop closed
[1.044s] DEBUG:colcon.colcon_parallel_executor.executor.parallel:run_until_complete finished with '0'
[1.045s] DEBUG:colcon.colcon_core.event_reactor:joining thread
[1.049s] INFO:colcon.colcon_core.plugin_system:Skipping extension 'colcon_notification.desktop_notification.terminal_notifier': Not used on non-Darwin systems
[1.049s] INFO:colcon.colcon_core.plugin_system:Skipping extension 'colcon_notification.desktop_notification.win32': Not used on non-Windows systems
[1.049s] INFO:colcon.colcon_notification.desktop_notification:Sending desktop notification using 'notify2'
[1.060s] DEBUG:colcon.colcon_core.event_reactor:joined thread
[1.060s] INFO:colcon.colcon_core.shell:Creating prefix script '/home/robot/mybot/mybot_ws/install/local_setup.ps1'
[1.061s] INFO:colcon.colcon_core.shell:Creating prefix util module '/home/robot/mybot/mybot_ws/install/_local_setup_util_ps1.py'
[1.063s] INFO:colcon.colcon_core.shell:Creating prefix chain script '/home/robot/mybot/mybot_ws/install/setup.ps1'
[1.064s] INFO:colcon.colcon_core.shell:Creating prefix script '/home/robot/mybot/mybot_ws/install/local_setup.sh'
[1.065s] INFO:colcon.colcon_core.shell:Creating prefix util module '/home/robot/mybot/mybot_ws/install/_local_setup_util_sh.py'
[1.066s] INFO:colcon.colcon_core.shell:Creating prefix chain script '/home/robot/mybot/mybot_ws/install/setup.sh'
[1.066s] INFO:colcon.colcon_core.shell:Creating prefix script '/home/robot/mybot/mybot_ws/install/local_setup.bash'
[1.067s] INFO:colcon.colcon_core.shell:Creating prefix chain script '/home/robot/mybot/mybot_ws/install/setup.bash'
[1.068s] INFO:colcon.colcon_core.shell:Creating prefix script '/home/robot/mybot/mybot_ws/install/local_setup.zsh'
[1.068s] INFO:colcon.colcon_core.shell:Creating prefix chain script '/home/robot/mybot/mybot_ws/install/setup.zsh'
