-- Install configuration: ""
-- Up-to-date: /home/robot/mybot/mybot_ws/install/mybot_description/share/mybot_description/launch
-- Up-to-date: /home/robot/mybot/mybot_ws/install/mybot_description/share/mybot_description/launch/display_robot.launch.py
-- Up-to-date: /home/robot/mybot/mybot_ws/install/mybot_description/share/mybot_description/launch/gazebo_sim.launch.py
-- Up-to-date: /home/robot/mybot/mybot_ws/install/mybot_description/share/mybot_description/urdf
-- Up-to-date: /home/robot/mybot/mybot_ws/install/mybot_description/share/mybot_description/urdf/kr210_robot.xacro
-- Up-to-date: /home/robot/mybot/mybot_ws/install/mybot_description/share/mybot_description/urdf/kr210_robot.urdf
-- Up-to-date: /home/robot/mybot/mybot_ws/install/mybot_description/share/mybot_description/urdf/kr210_robot.pdf
-- Up-to-date: /home/robot/mybot/mybot_ws/install/mybot_description/share/mybot_description/urdf/kr210_robot.gv
-- Up-to-date: /home/robot/mybot/mybot_ws/install/mybot_description/share/mybot_description/meshes
-- Up-to-date: /home/robot/mybot/mybot_ws/install/mybot_description/share/mybot_description/meshes/tool
-- Up-to-date: /home/robot/mybot/mybot_ws/install/mybot_description/share/mybot_description/meshes/tool/end_effector.stl
-- Up-to-date: /home/robot/mybot/mybot_ws/install/mybot_description/share/mybot_description/meshes/visual
-- Up-to-date: /home/robot/mybot/mybot_ws/install/mybot_description/share/mybot_description/meshes/visual/link_2.dae
-- Up-to-date: /home/robot/mybot/mybot_ws/install/mybot_description/share/mybot_description/meshes/visual/link_5.dae
-- Up-to-date: /home/robot/mybot/mybot_ws/install/mybot_description/share/mybot_description/meshes/visual/link_3.dae
-- Up-to-date: /home/robot/mybot/mybot_ws/install/mybot_description/share/mybot_description/meshes/visual/link_4.dae
-- Up-to-date: /home/robot/mybot/mybot_ws/install/mybot_description/share/mybot_description/meshes/visual/link_6.dae
-- Up-to-date: /home/robot/mybot/mybot_ws/install/mybot_description/share/mybot_description/meshes/visual/base_link.dae
-- Up-to-date: /home/robot/mybot/mybot_ws/install/mybot_description/share/mybot_description/meshes/visual/link_1.dae
-- Up-to-date: /home/robot/mybot/mybot_ws/install/mybot_description/share/mybot_description/meshes/collision
-- Up-to-date: /home/robot/mybot/mybot_ws/install/mybot_description/share/mybot_description/meshes/collision/link_6.stl
-- Up-to-date: /home/robot/mybot/mybot_ws/install/mybot_description/share/mybot_description/meshes/collision/base_link.stl
-- Up-to-date: /home/robot/mybot/mybot_ws/install/mybot_description/share/mybot_description/meshes/collision/link_5.stl
-- Up-to-date: /home/robot/mybot/mybot_ws/install/mybot_description/share/mybot_description/meshes/collision/link_2.stl
-- Up-to-date: /home/robot/mybot/mybot_ws/install/mybot_description/share/mybot_description/meshes/collision/link_4.stl
-- Up-to-date: /home/robot/mybot/mybot_ws/install/mybot_description/share/mybot_description/meshes/collision/link_3.stl
-- Up-to-date: /home/robot/mybot/mybot_ws/install/mybot_description/share/mybot_description/meshes/collision/link_1.stl
-- Up-to-date: /home/robot/mybot/mybot_ws/install/mybot_description/share/mybot_description/config
-- Up-to-date: /home/robot/mybot/mybot_ws/install/mybot_description/share/mybot_description/config/display_robot_model.rviz
-- Up-to-date: /home/robot/mybot/mybot_ws/install/mybot_description/share/mybot_description/world
-- Up-to-date: /home/robot/mybot/mybot_ws/install/mybot_description/share/mybot_description/world/empty.world
-- Up-to-date: /home/robot/mybot/mybot_ws/install/mybot_description/share/ament_index/resource_index/package_run_dependencies/mybot_description
-- Up-to-date: /home/robot/mybot/mybot_ws/install/mybot_description/share/ament_index/resource_index/parent_prefix_path/mybot_description
-- Up-to-date: /home/robot/mybot/mybot_ws/install/mybot_description/share/mybot_description/environment/ament_prefix_path.sh
-- Up-to-date: /home/robot/mybot/mybot_ws/install/mybot_description/share/mybot_description/environment/ament_prefix_path.dsv
-- Up-to-date: /home/robot/mybot/mybot_ws/install/mybot_description/share/mybot_description/environment/path.sh
-- Up-to-date: /home/robot/mybot/mybot_ws/install/mybot_description/share/mybot_description/environment/path.dsv
-- Up-to-date: /home/robot/mybot/mybot_ws/install/mybot_description/share/mybot_description/local_setup.bash
-- Up-to-date: /home/robot/mybot/mybot_ws/install/mybot_description/share/mybot_description/local_setup.sh
-- Up-to-date: /home/robot/mybot/mybot_ws/install/mybot_description/share/mybot_description/local_setup.zsh
-- Up-to-date: /home/robot/mybot/mybot_ws/install/mybot_description/share/mybot_description/local_setup.dsv
-- Up-to-date: /home/robot/mybot/mybot_ws/install/mybot_description/share/mybot_description/package.dsv
-- Up-to-date: /home/robot/mybot/mybot_ws/install/mybot_description/share/ament_index/resource_index/packages/mybot_description
-- Up-to-date: /home/robot/mybot/mybot_ws/install/mybot_description/share/mybot_description/cmake/mybot_descriptionConfig.cmake
-- Up-to-date: /home/robot/mybot/mybot_ws/install/mybot_description/share/mybot_description/cmake/mybot_descriptionConfig-version.cmake
-- Up-to-date: /home/robot/mybot/mybot_ws/install/mybot_description/share/mybot_description/package.xml
