[0.010s] Invoking command in '/home/robot/mybot/mybot_ws/build/mybot_description': CMAKE_PREFIX_PATH=${CMAKE_PREFIX_PATH}:/opt/ros/humble /usr/bin/cmake --build /home/robot/mybot/mybot_ws/build/mybot_description -- -j12 -l12
[0.042s] Invoked command in '/home/robot/mybot/mybot_ws/build/mybot_description' returned '0': CMAKE_PREFIX_PATH=${CMAKE_PREFIX_PATH}:/opt/ros/humble /usr/bin/cmake --build /home/robot/mybot/mybot_ws/build/mybot_description -- -j12 -l12
[0.050s] Invoking command in '/home/robot/mybot/mybot_ws/build/mybot_description': CMAKE_PREFIX_PATH=${CMAKE_PREFIX_PATH}:/opt/ros/humble /usr/bin/cmake --install /home/robot/mybot/mybot_ws/build/mybot_description
[0.056s] -- Install configuration: ""
[0.056s] -- Up-to-date: /home/robot/mybot/mybot_ws/install/mybot_description/share/mybot_description/launch
[0.056s] -- Up-to-date: /home/robot/mybot/mybot_ws/install/mybot_description/share/mybot_description/launch/display_robot.launch.py
[0.056s] -- Up-to-date: /home/robot/mybot/mybot_ws/install/mybot_description/share/mybot_description/launch/gazebo_sim.launch.py
[0.056s] -- Up-to-date: /home/robot/mybot/mybot_ws/install/mybot_description/share/mybot_description/urdf
[0.056s] -- Up-to-date: /home/robot/mybot/mybot_ws/install/mybot_description/share/mybot_description/urdf/kr210_robot.xacro
[0.056s] -- Up-to-date: /home/robot/mybot/mybot_ws/install/mybot_description/share/mybot_description/urdf/kr210_robot.urdf
[0.056s] -- Up-to-date: /home/robot/mybot/mybot_ws/install/mybot_description/share/mybot_description/urdf/kr210_robot.pdf
[0.057s] -- Up-to-date: /home/robot/mybot/mybot_ws/install/mybot_description/share/mybot_description/urdf/kr210_robot.gv
[0.057s] -- Up-to-date: /home/robot/mybot/mybot_ws/install/mybot_description/share/mybot_description/meshes
[0.057s] -- Up-to-date: /home/robot/mybot/mybot_ws/install/mybot_description/share/mybot_description/meshes/tool
[0.057s] -- Up-to-date: /home/robot/mybot/mybot_ws/install/mybot_description/share/mybot_description/meshes/tool/end_effector.stl
[0.057s] -- Up-to-date: /home/robot/mybot/mybot_ws/install/mybot_description/share/mybot_description/meshes/visual
[0.057s] -- Up-to-date: /home/robot/mybot/mybot_ws/install/mybot_description/share/mybot_description/meshes/visual/link_2.dae
[0.057s] -- Up-to-date: /home/robot/mybot/mybot_ws/install/mybot_description/share/mybot_description/meshes/visual/link_5.dae
[0.057s] -- Up-to-date: /home/robot/mybot/mybot_ws/install/mybot_description/share/mybot_description/meshes/visual/link_3.dae
[0.057s] -- Up-to-date: /home/robot/mybot/mybot_ws/install/mybot_description/share/mybot_description/meshes/visual/link_4.dae
[0.057s] -- Up-to-date: /home/robot/mybot/mybot_ws/install/mybot_description/share/mybot_description/meshes/visual/link_6.dae
[0.057s] -- Up-to-date: /home/robot/mybot/mybot_ws/install/mybot_description/share/mybot_description/meshes/visual/base_link.dae
[0.057s] -- Up-to-date: /home/robot/mybot/mybot_ws/install/mybot_description/share/mybot_description/meshes/visual/link_1.dae
[0.057s] -- Up-to-date: /home/robot/mybot/mybot_ws/install/mybot_description/share/mybot_description/meshes/collision
[0.057s] -- Up-to-date: /home/robot/mybot/mybot_ws/install/mybot_description/share/mybot_description/meshes/collision/link_6.stl
[0.058s] -- Up-to-date: /home/robot/mybot/mybot_ws/install/mybot_description/share/mybot_description/meshes/collision/base_link.stl
[0.058s] -- Up-to-date: /home/robot/mybot/mybot_ws/install/mybot_description/share/mybot_description/meshes/collision/link_5.stl
[0.058s] -- Up-to-date: /home/robot/mybot/mybot_ws/install/mybot_description/share/mybot_description/meshes/collision/link_2.stl
[0.058s] -- Up-to-date: /home/robot/mybot/mybot_ws/install/mybot_description/share/mybot_description/meshes/collision/link_4.stl
[0.058s] -- Up-to-date: /home/robot/mybot/mybot_ws/install/mybot_description/share/mybot_description/meshes/collision/link_3.stl
[0.058s] -- Up-to-date: /home/robot/mybot/mybot_ws/install/mybot_description/share/mybot_description/meshes/collision/link_1.stl
[0.058s] -- Up-to-date: /home/robot/mybot/mybot_ws/install/mybot_description/share/mybot_description/config
[0.058s] -- Up-to-date: /home/robot/mybot/mybot_ws/install/mybot_description/share/mybot_description/config/display_robot_model.rviz
[0.058s] -- Up-to-date: /home/robot/mybot/mybot_ws/install/mybot_description/share/mybot_description/world
[0.058s] -- Up-to-date: /home/robot/mybot/mybot_ws/install/mybot_description/share/mybot_description/world/empty.world
[0.058s] -- Up-to-date: /home/robot/mybot/mybot_ws/install/mybot_description/share/ament_index/resource_index/package_run_dependencies/mybot_description
[0.058s] -- Up-to-date: /home/robot/mybot/mybot_ws/install/mybot_description/share/ament_index/resource_index/parent_prefix_path/mybot_description
[0.058s] -- Up-to-date: /home/robot/mybot/mybot_ws/install/mybot_description/share/mybot_description/environment/ament_prefix_path.sh
[0.059s] -- Up-to-date: /home/robot/mybot/mybot_ws/install/mybot_description/share/mybot_description/environment/ament_prefix_path.dsv
[0.059s] -- Up-to-date: /home/robot/mybot/mybot_ws/install/mybot_description/share/mybot_description/environment/path.sh
[0.059s] -- Up-to-date: /home/robot/mybot/mybot_ws/install/mybot_description/share/mybot_description/environment/path.dsv
[0.059s] -- Up-to-date: /home/robot/mybot/mybot_ws/install/mybot_description/share/mybot_description/local_setup.bash
[0.059s] -- Up-to-date: /home/robot/mybot/mybot_ws/install/mybot_description/share/mybot_description/local_setup.sh
[0.059s] -- Up-to-date: /home/robot/mybot/mybot_ws/install/mybot_description/share/mybot_description/local_setup.zsh
[0.059s] -- Up-to-date: /home/robot/mybot/mybot_ws/install/mybot_description/share/mybot_description/local_setup.dsv
[0.059s] -- Up-to-date: /home/robot/mybot/mybot_ws/install/mybot_description/share/mybot_description/package.dsv
[0.060s] -- Up-to-date: /home/robot/mybot/mybot_ws/install/mybot_description/share/ament_index/resource_index/packages/mybot_description
[0.060s] -- Up-to-date: /home/robot/mybot/mybot_ws/install/mybot_description/share/mybot_description/cmake/mybot_descriptionConfig.cmake
[0.060s] -- Up-to-date: /home/robot/mybot/mybot_ws/install/mybot_description/share/mybot_description/cmake/mybot_descriptionConfig-version.cmake
[0.060s] -- Up-to-date: /home/robot/mybot/mybot_ws/install/mybot_description/share/mybot_description/package.xml
[0.061s] Invoked command in '/home/robot/mybot/mybot_ws/build/mybot_description' returned '0': CMAKE_PREFIX_PATH=${CMAKE_PREFIX_PATH}:/opt/ros/humble /usr/bin/cmake --install /home/robot/mybot/mybot_ws/build/mybot_description
