[0.007s] Invoking command in '/home/robot/mybot/mybot_ws/build/mybot_moveit_config': CMAKE_PREFIX_PATH=${CMAKE_PREFIX_PATH}:/opt/ros/humble /usr/bin/cmake /home/robot/mybot/mybot_ws/src/mybot_moveit_config -DCMAKE_INSTALL_PREFIX=/home/robot/mybot/mybot_ws/install/mybot_moveit_config
[0.054s] -- The C compiler identification is GNU 11.4.0
[0.104s] -- The CXX compiler identification is GNU 11.4.0
[0.110s] -- Detecting C compiler ABI info
[0.174s] -- Detecting C compiler ABI info - done
[0.182s] -- Check for working C compiler: /usr/bin/cc - skipped
[0.182s] -- Detecting C compile features
[0.182s] -- Detecting C compile features - done
[0.186s] -- Detecting CXX compiler ABI info
[0.258s] -- Detecting CXX compiler ABI info - done
[0.265s] -- Check for working CXX compiler: /usr/bin/c++ - skipped
[0.265s] -- Detecting CXX compile features
[0.266s] -- Detecting CXX compile features - done
[0.268s] -- Found ament_cmake: 1.3.11 (/opt/ros/humble/share/ament_cmake/cmake)
[0.397s] -- Found Python3: /usr/bin/python3 (found version "3.10.12") found components: Interpreter 
[0.523s] -- Configuring done
[0.525s] -- Generating done
[0.526s] -- Build files have been written to: /home/robot/mybot/mybot_ws/build/mybot_moveit_config
[0.530s] Invoked command in '/home/robot/mybot/mybot_ws/build/mybot_moveit_config' returned '0': CMAKE_PREFIX_PATH=${CMAKE_PREFIX_PATH}:/opt/ros/humble /usr/bin/cmake /home/robot/mybot/mybot_ws/src/mybot_moveit_config -DCMAKE_INSTALL_PREFIX=/home/robot/mybot/mybot_ws/install/mybot_moveit_config
[0.531s] Invoking command in '/home/robot/mybot/mybot_ws/build/mybot_moveit_config': CMAKE_PREFIX_PATH=${CMAKE_PREFIX_PATH}:/opt/ros/humble /usr/bin/cmake --build /home/robot/mybot/mybot_ws/build/mybot_moveit_config -- -j12 -l12
[0.562s] Invoked command in '/home/robot/mybot/mybot_ws/build/mybot_moveit_config' returned '0': CMAKE_PREFIX_PATH=${CMAKE_PREFIX_PATH}:/opt/ros/humble /usr/bin/cmake --build /home/robot/mybot/mybot_ws/build/mybot_moveit_config -- -j12 -l12
[0.563s] Invoking command in '/home/robot/mybot/mybot_ws/build/mybot_moveit_config': CMAKE_PREFIX_PATH=${CMAKE_PREFIX_PATH}:/opt/ros/humble /usr/bin/cmake --install /home/robot/mybot/mybot_ws/build/mybot_moveit_config
[0.570s] -- Install configuration: ""
[0.570s] -- Installing: /home/robot/mybot/mybot_ws/install/mybot_moveit_config/share/ament_index/resource_index/package_run_dependencies/mybot_moveit_config
[0.570s] -- Installing: /home/robot/mybot/mybot_ws/install/mybot_moveit_config/share/ament_index/resource_index/parent_prefix_path/mybot_moveit_config
[0.570s] -- Installing: /home/robot/mybot/mybot_ws/install/mybot_moveit_config/share/mybot_moveit_config/environment/ament_prefix_path.sh
[0.571s] -- Installing: /home/robot/mybot/mybot_ws/install/mybot_moveit_config/share/mybot_moveit_config/environment/ament_prefix_path.dsv
[0.571s] -- Installing: /home/robot/mybot/mybot_ws/install/mybot_moveit_config/share/mybot_moveit_config/environment/path.sh
[0.571s] -- Installing: /home/robot/mybot/mybot_ws/install/mybot_moveit_config/share/mybot_moveit_config/environment/path.dsv
[0.571s] -- Installing: /home/robot/mybot/mybot_ws/install/mybot_moveit_config/share/mybot_moveit_config/local_setup.bash
[0.571s] -- Installing: /home/robot/mybot/mybot_ws/install/mybot_moveit_config/share/mybot_moveit_config/local_setup.sh
[0.571s] -- Installing: /home/robot/mybot/mybot_ws/install/mybot_moveit_config/share/mybot_moveit_config/local_setup.zsh
[0.572s] -- Installing: /home/robot/mybot/mybot_ws/install/mybot_moveit_config/share/mybot_moveit_config/local_setup.dsv
[0.572s] -- Installing: /home/robot/mybot/mybot_ws/install/mybot_moveit_config/share/mybot_moveit_config/package.dsv
[0.572s] -- Installing: /home/robot/mybot/mybot_ws/install/mybot_moveit_config/share/ament_index/resource_index/packages/mybot_moveit_config
[0.572s] -- Installing: /home/robot/mybot/mybot_ws/install/mybot_moveit_config/share/mybot_moveit_config/cmake/mybot_moveit_configConfig.cmake
[0.572s] -- Installing: /home/robot/mybot/mybot_ws/install/mybot_moveit_config/share/mybot_moveit_config/cmake/mybot_moveit_configConfig-version.cmake
[0.572s] -- Installing: /home/robot/mybot/mybot_ws/install/mybot_moveit_config/share/mybot_moveit_config/package.xml
[0.572s] -- Installing: /home/robot/mybot/mybot_ws/install/mybot_moveit_config/share/mybot_moveit_config/launch
[0.573s] -- Installing: /home/robot/mybot/mybot_ws/install/mybot_moveit_config/share/mybot_moveit_config/launch/spawn_controllers.launch.py
[0.573s] -- Installing: /home/robot/mybot/mybot_ws/install/mybot_moveit_config/share/mybot_moveit_config/launch/rsp.launch.py
[0.573s] -- Installing: /home/robot/mybot/mybot_ws/install/mybot_moveit_config/share/mybot_moveit_config/launch/moveit_rviz.launch.py
[0.573s] -- Installing: /home/robot/mybot/mybot_ws/install/mybot_moveit_config/share/mybot_moveit_config/launch/setup_assistant.launch.py
[0.573s] -- Installing: /home/robot/mybot/mybot_ws/install/mybot_moveit_config/share/mybot_moveit_config/launch/demo.launch.py
[0.573s] -- Installing: /home/robot/mybot/mybot_ws/install/mybot_moveit_config/share/mybot_moveit_config/launch/move_group.launch.py
[0.573s] -- Installing: /home/robot/mybot/mybot_ws/install/mybot_moveit_config/share/mybot_moveit_config/launch/static_virtual_joint_tfs.launch.py
[0.574s] -- Installing: /home/robot/mybot/mybot_ws/install/mybot_moveit_config/share/mybot_moveit_config/launch/warehouse_db.launch.py
[0.574s] -- Installing: /home/robot/mybot/mybot_ws/install/mybot_moveit_config/share/mybot_moveit_config/config
[0.574s] -- Installing: /home/robot/mybot/mybot_ws/install/mybot_moveit_config/share/mybot_moveit_config/config/moveit_controllers.yaml
[0.574s] -- Installing: /home/robot/mybot/mybot_ws/install/mybot_moveit_config/share/mybot_moveit_config/config/initial_positions.yaml
[0.574s] -- Installing: /home/robot/mybot/mybot_ws/install/mybot_moveit_config/share/mybot_moveit_config/config/kr210_robot.ros2_control.xacro
[0.574s] -- Installing: /home/robot/mybot/mybot_ws/install/mybot_moveit_config/share/mybot_moveit_config/config/kr210_robot.urdf.xacro
[0.574s] -- Installing: /home/robot/mybot/mybot_ws/install/mybot_moveit_config/share/mybot_moveit_config/config/kr210_robot.srdf
[0.575s] -- Installing: /home/robot/mybot/mybot_ws/install/mybot_moveit_config/share/mybot_moveit_config/config/kinematics.yaml
[0.575s] -- Installing: /home/robot/mybot/mybot_ws/install/mybot_moveit_config/share/mybot_moveit_config/config/joint_limits.yaml
[0.575s] -- Installing: /home/robot/mybot/mybot_ws/install/mybot_moveit_config/share/mybot_moveit_config/config/pilz_cartesian_limits.yaml
[0.575s] -- Installing: /home/robot/mybot/mybot_ws/install/mybot_moveit_config/share/mybot_moveit_config/config/ros2_controllers.yaml
[0.575s] -- Installing: /home/robot/mybot/mybot_ws/install/mybot_moveit_config/share/mybot_moveit_config/config/moveit.rviz
[0.575s] -- Installing: /home/robot/mybot/mybot_ws/install/mybot_moveit_config/share/mybot_moveit_config/.setup_assistant
[0.576s] Invoked command in '/home/robot/mybot/mybot_ws/build/mybot_moveit_config' returned '0': CMAKE_PREFIX_PATH=${CMAKE_PREFIX_PATH}:/opt/ros/humble /usr/bin/cmake --install /home/robot/mybot/mybot_ws/build/mybot_moveit_config
